-------------------------------------------------------------------------------
Test set: com.cognizant.devtest.moviesmanager.MoviesManagerApplicationTests
-------------------------------------------------------------------------------
Tests run: 1, Failures: 0, Errors: 1, Skipped: 0, Time elapsed: 7.006 s <<< FAILURE! - in com.cognizant.devtest.moviesmanager.MoviesManagerApplicationTests
contextLoads(com.cognizant.devtest.moviesmanager.MoviesManagerApplicationTests)  Time elapsed: 0.003 s  <<< ERROR!
java.lang.IllegalStateException: Failed to load ApplicationContext
Caused by: org.springframework.beans.factory.UnsatisfiedDependencyException: Error creating bean with name 'accountController': Unsatisfied dependency expressed through field 'accountRepository'; nested exception is org.springframework.beans.factory.BeanCreationException: Error creating bean with name 'accountRepository': Invocation of init method failed; nested exception is java.lang.IllegalArgumentException: Validation failed for query for method public abstract com.cognizant.devtest.moviesmanager.domain.entity.Account com.cognizant.devtest.moviesmanager.domain.repository.AccountRepository.findAccountById(java.lang.Long)!
Caused by: org.springframework.beans.factory.BeanCreationException: Error creating bean with name 'accountRepository': Invocation of init method failed; nested exception is java.lang.IllegalArgumentException: Validation failed for query for method public abstract com.cognizant.devtest.moviesmanager.domain.entity.Account com.cognizant.devtest.moviesmanager.domain.repository.AccountRepository.findAccountById(java.lang.Long)!
Caused by: java.lang.IllegalArgumentException: Validation failed for query for method public abstract com.cognizant.devtest.moviesmanager.domain.entity.Account com.cognizant.devtest.moviesmanager.domain.repository.AccountRepository.findAccountById(java.lang.Long)!
Caused by: java.lang.IllegalArgumentException: 
org.hibernate.QueryException: No data type for node: org.hibernate.hql.internal.ast.tree.IdentNode 
 \-[IDENT] IdentNode: 't' {originalText=t}
 [SELECT t FROM com.cognizant.devtest.moviesmanager.domain.entity.Account a WHERE a.id = ?1]
Caused by: org.hibernate.QueryException: 
No data type for node: org.hibernate.hql.internal.ast.tree.IdentNode 
 \-[IDENT] IdentNode: 't' {originalText=t}
 [SELECT t FROM com.cognizant.devtest.moviesmanager.domain.entity.Account a WHERE a.id = ?1]
Caused by: org.hibernate.QueryException: 
No data type for node: org.hibernate.hql.internal.ast.tree.IdentNode 
 \-[IDENT] IdentNode: 't' {originalText=t}


