<?xml version="1.0" encoding="UTF-8"?>
<testng-results skipped="0" failed="0" total="1" passed="1">
  <reporter-output>
  </reporter-output>
  <suite name="Default suite" duration-ms="284" started-at="2017-05-09T21:28:37Z" finished-at="2017-05-09T21:28:37Z">
    <groups>
    </groups>
    <test name="Default test" duration-ms="284" started-at="2017-05-09T21:28:37Z" finished-at="2017-05-09T21:28:37Z">
      <class name="NewTest">
        <test-method status="PASS" signature="f()[pri:0, instance:NewTest@7921b0a2]" name="f" duration-ms="197" started-at="2017-05-09T16:28:37Z" finished-at="2017-05-09T16:28:37Z">
          <reporter-output>
          </reporter-output>
        </test-method> <!-- f -->
      </class> <!-- NewTest -->
    </test> <!-- Default test -->
  </suite> <!-- Default suite -->
</testng-results>
